<?xml version="1.0" encoding="UTF-8"?>
<testng-results skipped="0" failed="0" ignored="0" total="1" passed="1">
  <reporter-output>
  </reporter-output>
  <suite name="Suite" duration-ms="70" started-at="2020-07-24T23:24:54 IST" finished-at="2020-07-24T23:24:54 IST">
    <groups>
    </groups>
    <test name="Test" duration-ms="70" started-at="2020-07-24T23:24:54 IST" finished-at="2020-07-24T23:24:54 IST">
      <class name="org.testing.TestScripts.InsertNewKeyData">
        <test-method status="PASS" signature="insertNewData()[pri:0, instance:org.testing.TestScripts.InsertNewKeyData@1e6d1014]" name="insertNewData" duration-ms="34" started-at="2020-07-24T23:24:54 IST" finished-at="2020-07-24T23:24:54 IST">
          <reporter-output>
          </reporter-output>
        </test-method> <!-- insertNewData -->
      </class> <!-- org.testing.TestScripts.InsertNewKeyData -->
    </test> <!-- Test -->
  </suite> <!-- Suite -->
</testng-results>
